<?xml version="1.0" encoding="UTF-8"?>
<testsuite xmlns:xsi="http://www.w3.org/2001/XMLSchema-instance" xsi:noNamespaceSchemaLocation="https://maven.apache.org/surefire/maven-surefire-plugin/xsd/surefire-test-report-3.0.xsd" version="3.0" name="controladores.ServletControladorClienteTest" time="1.263" tests="3" errors="0" skipped="0" failures="0">
  <properties>
[...]
</properties>
  <testcase name="testEliminarCliente" classname="controladores.ServletControladorClienteTest" time="1.112">
    <system-out><![CDATA[registroEliminado = 1
]]></system-out>
  </testcase>
  <testcase name="testInsertarCliente" classname="controladores.ServletControladorClienteTest" time="0.022">
    <system-out><![CDATA[registrosModificados = 1
]]></system-out>
  </testcase>
  <testcase name="testActualizarCliente" classname="controladores.ServletControladorClienteTest" time="0.028">
    <system-out><![CDATA[registroActualizado = 1
]]></system-out>
  </testcase>
</testsuite>